\BOOKMARK [1][-]{section.1}{Introduction}{}% 1
\BOOKMARK [2][-]{subsection.1.1}{Subject and Name}{section.1}% 2
\BOOKMARK [2][-]{subsection.1.2}{Goals}{section.1}% 3
\BOOKMARK [2][-]{subsection.1.3}{Universes}{section.1}% 4
\BOOKMARK [2][-]{subsection.1.4}{Characters}{section.1}% 5
\BOOKMARK [1][-]{section.2}{Design}{}% 6
\BOOKMARK [2][-]{subsection.2.1}{Static serving}{section.2}% 7
\BOOKMARK [2][-]{subsection.2.2}{Templates}{section.2}% 8
\BOOKMARK [2][-]{subsection.2.3}{Storage}{section.2}% 9
\BOOKMARK [2][-]{subsection.2.4}{Entry list}{section.2}% 10
\BOOKMARK [2][-]{subsection.2.5}{Item details}{section.2}% 11
\BOOKMARK [2][-]{subsection.2.6}{Search system}{section.2}% 12
\BOOKMARK [2][-]{subsection.2.7}{Pagination}{section.2}% 13
\BOOKMARK [2][-]{subsection.2.8}{Graphic style}{section.2}% 14
\BOOKMARK [1][-]{section.3}{Enhancements}{}% 15
\BOOKMARK [1][-]{section.4}{Evaluation}{}% 16
\BOOKMARK [2][-]{subsection.4.1}{Advantages}{section.4}% 17
\BOOKMARK [2][-]{subsection.4.2}{Disadvantages}{section.4}% 18
\BOOKMARK [1][-]{section.5}{Development process}{}% 19
\BOOKMARK [2][-]{subsection.5.1}{Difficulties}{section.5}% 20
\BOOKMARK [2][-]{subsection.5.2}{Things I learned}{section.5}% 21
\BOOKMARK [1][-]{section.6}{Ressources}{}% 22
\BOOKMARK [1][-]{section.7}{Eratum}{}% 23
